Arguments: 
  D:\nodejs\node.exe D:\yarn\bin\yarn.js add app3.css

PATH: 
  D:\software\cmder\vendor\git-for-windows\mingw64\bin;D:\software\cmder\vendor\git-for-windows\usr\bin;C:\Users\何中峰\bin;C:\Program Files\Microsoft MPI\Bin;C:\WINDOWS\system32;C:\WINDOWS;C:\WINDOWS\System32\Wbem;C:\WINDOWS\System32\WindowsPowerShell\v1.0;C:\WINDOWS\System32\OpenSSH;C:\Program Files\Microsoft SQL Server\Client SDK\ODBC\130\Tools\Binn;C:\Program Files (x86)\Microsoft SQL Server\140\Tools\Binn;C:\Program Files\Microsoft SQL Server\140\Tools\Binn;C:\Program Files\Microsoft SQL Server\140\DTS\Binn;D:\myexlipse\binary\com.sun.java.jdk8.win32.x86_64_1.8.0.v112\bin;D:\myexlipse\binary\com.sun.java.jdk8.win32.x86_64_1.8.0.v112\jre\bin;C:\Program Files (x86)\Common Files\Oracle\Java\javapath;D:\mysql-8.0.17-winx64\bin;C:\Program Files\MySQL\MySQL Server 8.0\bin;D:\Apache+php\Apache\Apache24\bin;D:\php\php-7.3.8-Win32-VC15-x64;C:\Program Files\Microsoft SQL Server\Client SDK\ODBC\170\Tools\Binn;D:\idea_littlebaby\apache-maven-3.6.3\bin;D:\nodejs;D:\yarn\bin;D:\software\Git\cmd;C:\Users\何中峰\AppData\Local\Programs\Python\Python38\Scripts;C:\Users\何中峰\AppData\Local\Programs\Python\Python38;C:\Program Files\MySQL\MySQL Shell 8.0\bin;D:\IntelliJ IDEA 2019.2\bin;C:\Users\何中峰\AppData\Local\Microsoft\WindowsApps;D:\Microsoft VS Code\bin;C:\Users\何中峰\AppData\Roaming\npm;C:\Users\何中峰\AppData\Local\Yarn\bin;C:\Users\何中峰\AppData\Local\GitHubDesktop\bin

Yarn version: 
  1.22.4

Node version: 
  12.16.1

Platform: 
  win32 x64

Trace: 
  Error: https://registry.npm.taobao.org/app3.css: Not found
      at Request.params.callback [as _callback] (D:\yarn\lib\cli.js:66096:18)
      at Request.self.callback (D:\yarn\lib\cli.js:140748:22)
      at Request.emit (events.js:311:20)
      at Request.<anonymous> (D:\yarn\lib\cli.js:141720:10)
      at Request.emit (events.js:311:20)
      at IncomingMessage.<anonymous> (D:\yarn\lib\cli.js:141642:12)
      at Object.onceWrapper (events.js:417:28)
      at IncomingMessage.emit (events.js:323:22)
      at endReadableNT (_stream_readable.js:1204:12)
      at processTicksAndRejections (internal/process/task_queues.js:84:21)

npm manifest: 
  {
    "name": "MVC-Exercise",
    "version": "1.0.0",
    "main": "index.js",
    "license": "MIT",
    "dependencies": {
      "jquery": "^3.5.0"
    }
  }

yarn manifest: 
  No manifest

Lockfile: 
  # THIS IS AN AUTOGENERATED FILE. DO NOT EDIT THIS FILE DIRECTLY.
  # yarn lockfile v1
  
  
  jquery@^3.5.0:
    version "3.5.0"
    resolved "https://registry.npm.taobao.org/jquery/download/jquery-3.5.0.tgz#9980b97d9e4194611c36530e7dc46a58d7340fc9"
    integrity sha1-mYC5fZ5BlGEcNlMOfcRqWNc0D8k=
